# JRE version: OpenJDK Runtime Environment (17.0.6) (build 17.0.6+0-b2043.56-10027231)
# Java VM: OpenJDK 64-Bit Server VM (17.0.6+0-b2043.56-10027231, mixed mode, tiered, compressed oops, compressed class ptrs, g1 gc, windows-amd64)
GC Precious Log:
 CPUs: 4 total, 4 available
 Memory: 8071M
 Large Page Support: Disabled
 NUMA Support: Disabled
 Compressed Oops: Enabled (32-bit)
 Heap Region Size: 1M
 Heap Min Capacity: 8M
 Heap Initial Capacity: 128M
 Heap Max Capacity: 2G
 Pre-touch: Disabled
 Parallel Workers: 4
 Concurrent Workers: 1
 Concurrent Refinement Workers: 4
 Periodic GC: Disabled
Heap:
 garbage-first heap   total 294912K, used 212987K [0x0000000080000000, 0x0000000100000000)
  region size 1024K, 4 young (4096K), 4 survivors (4096K)
 Metaspace       used 122118K, committed 122880K, reserved 1155072K
  class space    used 16661K, committed 17024K, reserved 1048576K
GC Heap History (20 events):
Event: 15.998 GC heap after
{Heap after GC invocations=31 (full 0):
 garbage-first heap   total 143360K, used 65243K [0x0000000080000000, 0x0000000100000000)
  region size 1024K, 1 young (1024K), 1 survivors (1024K)
 Metaspace       used 87344K, committed 87936K, reserved 1130496K
  class space    used 11931K, committed 12224K, reserved 1048576K
}
Event: 16.670 GC heap before
{Heap before GC invocations=31 (full 0):
 garbage-first heap   total 143360K, used 116443K [0x0000000080000000, 0x0000000100000000)
  region size 1024K, 51 young (52224K), 1 survivors (1024K)
 Metaspace       used 88687K, committed 89280K, reserved 1130496K
  class space    used 12134K, committed 12416K, reserved 1048576K
}
Event: 16.684 GC heap after
{Heap after GC invocations=32 (full 0):
 garbage-first heap   total 143360K, used 72446K [0x0000000080000000, 0x0000000100000000)
  region size 1024K, 7 young (7168K), 7 survivors (7168K)
 Metaspace       used 88687K, committed 89280K, reserved 1130496K
  class space    used 12134K, committed 12416K, reserved 1048576K
}
Event: 17.609 GC heap before
{Heap before GC invocations=32 (full 0):
 garbage-first heap   total 143360K, used 114430K [0x0000000080000000, 0x0000000100000000)
  region size 1024K, 49 young (50176K), 7 survivors (7168K)
 Metaspace       used 89975K, committed 90688K, reserved 1130496K
  class space    used 12344K, committed 12672K, reserved 1048576K
}
Event: 17.627 GC heap after
{Heap after GC invocations=33 (full 0):
 garbage-first heap   total 143360K, used 77973K [0x0000000080000000, 0x0000000100000000)
  region size 1024K, 6 young (6144K), 6 survivors (6144K)
 Metaspace       used 89975K, committed 90688K, reserved 1130496K
  class space    used 12344K, committed 12672K, reserved 1048576K
}
Event: 18.352 GC heap before
{Heap before GC invocations=33 (full 0):
 garbage-first heap   total 143360K, used 114837K [0x0000000080000000, 0x0000000100000000)
  region size 1024K, 43 young (44032K), 6 survivors (6144K)
 Metaspace       used 90472K, committed 91136K, reserved 1130496K
  class space    used 12383K, committed 12672K, reserved 1048576K
}
Event: 18.364 GC heap after
{Heap after GC invocations=34 (full 0):
 garbage-first heap   total 286720K, used 81420K [0x0000000080000000, 0x0000000100000000)
  region size 1024K, 5 young (5120K), 5 survivors (5120K)
 Metaspace       used 90472K, committed 91136K, reserved 1130496K
  class space    used 12383K, committed 12672K, reserved 1048576K
}
Event: 23.815 GC heap before
{Heap before GC invocations=34 (full 0):
 garbage-first heap   total 286720K, used 215564K [0x0000000080000000, 0x0000000100000000)
  region size 1024K, 136 young (139264K), 5 survivors (5120K)
 Metaspace       used 94689K, committed 95424K, reserved 1138688K
  class space    used 12840K, committed 13184K, reserved 1048576K
}
Event: 23.838 GC heap after
{Heap after GC invocations=35 (full 0):
 garbage-first heap   total 286720K, used 90980K [0x0000000080000000, 0x0000000100000000)
  region size 1024K, 14 young (14336K), 14 survivors (14336K)
 Metaspace       used 94689K, committed 95424K, reserved 1138688K
  class space    used 12840K, committed 13184K, reserved 1048576K
}
Event: 28.786 GC heap before
{Heap before GC invocations=35 (full 0):
 garbage-first heap   total 286720K, used 213860K [0x0000000080000000, 0x0000000100000000)
  region size 1024K, 133 young (136192K), 14 survivors (14336K)
 Metaspace       used 104591K, committed 105344K, reserved 1146880K
  class space    used 14079K, committed 14464K, reserved 1048576K
}
Event: 28.810 GC heap after
{Heap after GC invocations=36 (full 0):
 garbage-first heap   total 286720K, used 98689K [0x0000000080000000, 0x0000000100000000)
  region size 1024K, 7 young (7168K), 7 survivors (7168K)
 Metaspace       used 104591K, committed 105344K, reserved 1146880K
  class space    used 14079K, committed 14464K, reserved 1048576K
}
Event: 30.444 GC heap before
{Heap before GC invocations=36 (full 0):
 garbage-first heap   total 286720K, used 260481K [0x0000000080000000, 0x0000000100000000)
  region size 1024K, 125 young (128000K), 7 survivors (7168K)
 Metaspace       used 117303K, committed 118080K, reserved 1155072K
  class space    used 15999K, committed 16384K, reserved 1048576K
}
Event: 30.494 GC heap after
{Heap after GC invocations=37 (full 0):
 garbage-first heap   total 294912K, used 145375K [0x0000000080000000, 0x0000000100000000)
  region size 1024K, 16 young (16384K), 16 survivors (16384K)
 Metaspace       used 117303K, committed 118080K, reserved 1155072K
  class space    used 15999K, committed 16384K, reserved 1048576K
}
Event: 31.622 GC heap before
{Heap before GC invocations=37 (full 0):
 garbage-first heap   total 294912K, used 229343K [0x0000000080000000, 0x0000000100000000)
  region size 1024K, 98 young (100352K), 16 survivors (16384K)
 Metaspace       used 120457K, committed 121216K, reserved 1155072K
  class space    used 16533K, committed 16896K, reserved 1048576K
}
Event: 31.727 GC heap after
{Heap after GC invocations=38 (full 0):
 garbage-first heap   total 294912K, used 179197K [0x0000000080000000, 0x0000000100000000)
  region size 1024K, 13 young (13312K), 13 survivors (13312K)
 Metaspace       used 120457K, committed 121216K, reserved 1155072K
  class space    used 16533K, committed 16896K, reserved 1048576K
}
Event: 32.133 GC heap before
{Heap before GC invocations=38 (full 0):
 garbage-first heap   total 294912K, used 228349K [0x0000000080000000, 0x0000000100000000)
  region size 1024K, 62 young (63488K), 13 survivors (13312K)
 Metaspace       used 120685K, committed 121472K, reserved 1155072K
  class space    used 16535K, committed 16896K, reserved 1048576K
}
Event: 32.204 GC heap after
{Heap after GC invocations=39 (full 0):
 garbage-first heap   total 294912K, used 199168K [0x0000000080000000, 0x0000000100000000)
  region size 1024K, 8 young (8192K), 8 survivors (8192K)
 Metaspace       used 120685K, committed 121472K, reserved 1155072K
  class space    used 16535K, committed 16896K, reserved 1048576K
}
Event: 32.689 GC heap before
{Heap before GC invocations=39 (full 0):
 garbage-first heap   total 294912K, used 233984K [0x0000000080000000, 0x0000000100000000)
  region size 1024K, 42 young (43008K), 8 survivors (8192K)
 Metaspace       used 121334K, committed 122112K, reserved 1155072K
  class space    used 16565K, committed 16896K, reserved 1048576K
}
Event: 32.762 GC heap after
{Heap after GC invocations=40 (full 0):
 garbage-first heap   total 294912K, used 208896K [0x0000000080000000, 0x0000000100000000)
  region size 1024K, 6 young (6144K), 6 survivors (6144K)
 Metaspace       used 121334K, committed 122112K, reserved 1155072K
  class space    used 16565K, committed 16896K, reserved 1048576K
}
Event: 33.399 GC heap before
{Heap before GC invocations=40 (full 0):
 garbage-first heap   total 294912K, used 238592K [0x0000000080000000, 0x0000000100000000)
  region size 1024K, 36 young (36864K), 6 survivors (6144K)
 Metaspace       used 122118K, committed 122880K, reserved 1155072K
  class space    used 16661K, committed 17024K, reserved 1048576K
}

