# JRE version: OpenJDK Runtime Environment (17.0.6) (build 17.0.6+0-b2043.56-10027231)
# Java VM: OpenJDK 64-Bit Server VM (17.0.6+0-b2043.56-10027231, mixed mode, tiered, compressed oops, compressed class ptrs, g1 gc, windows-amd64)
GC Precious Log:
 CPUs: 4 total, 4 available
 Memory: 8071M
 Large Page Support: Disabled
 NUMA Support: Disabled
 Compressed Oops: Enabled (32-bit)
 Heap Region Size: 1M
 Heap Min Capacity: 8M
 Heap Initial Capacity: 128M
 Heap Max Capacity: 2G
 Pre-touch: Disabled
 Parallel Workers: 4
 Concurrent Workers: 1
 Concurrent Refinement Workers: 4
 Periodic GC: Disabled
Heap:
 garbage-first heap   total 256000K, used 154256K [0x0000000080000000, 0x0000000100000000)
  region size 1024K, 6 young (6144K), 6 survivors (6144K)
 Metaspace       used 89465K, committed 90240K, reserved 1130496K
  class space    used 12222K, committed 12608K, reserved 1048576K
GC Heap History (20 events):
Event: 38.217 GC heap after
{Heap after GC invocations=28 (full 0):
 garbage-first heap   total 102400K, used 54817K [0x0000000080000000, 0x0000000100000000)
  region size 1024K, 1 young (1024K), 1 survivors (1024K)
 Metaspace       used 71715K, committed 72256K, reserved 1114112K
  class space    used 9529K, committed 9792K, reserved 1048576K
}
Event: 39.429 GC heap before
{Heap before GC invocations=28 (full 0):
 garbage-first heap   total 102400K, used 83489K [0x0000000080000000, 0x0000000100000000)
  region size 1024K, 29 young (29696K), 1 survivors (1024K)
 Metaspace       used 73905K, committed 74496K, reserved 1114112K
  class space    used 9814K, committed 10048K, reserved 1048576K
}
Event: 39.437 GC heap after
{Heap after GC invocations=29 (full 0):
 garbage-first heap   total 204800K, used 57219K [0x0000000080000000, 0x0000000100000000)
  region size 1024K, 3 young (3072K), 3 survivors (3072K)
 Metaspace       used 73905K, committed 74496K, reserved 1114112K
  class space    used 9814K, committed 10048K, reserved 1048576K
}
Event: 348.294 GC heap before
{Heap before GC invocations=30 (full 0):
 garbage-first heap   total 204800K, used 179075K [0x0000000080000000, 0x0000000100000000)
  region size 1024K, 100 young (102400K), 3 survivors (3072K)
 Metaspace       used 83290K, committed 83904K, reserved 1122304K
  class space    used 11401K, committed 11712K, reserved 1048576K
}
Event: 348.312 GC heap after
{Heap after GC invocations=31 (full 0):
 garbage-first heap   total 204800K, used 89132K [0x0000000080000000, 0x0000000100000000)
  region size 1024K, 13 young (13312K), 13 survivors (13312K)
 Metaspace       used 83290K, committed 83904K, reserved 1122304K
  class space    used 11401K, committed 11712K, reserved 1048576K
}
Event: 348.344 GC heap before
{Heap before GC invocations=31 (full 0):
 garbage-first heap   total 204800K, used 90156K [0x0000000080000000, 0x0000000100000000)
  region size 1024K, 14 young (14336K), 13 survivors (13312K)
 Metaspace       used 83339K, committed 83968K, reserved 1122304K
  class space    used 11415K, committed 11712K, reserved 1048576K
}
Event: 348.360 GC heap after
{Heap after GC invocations=32 (full 0):
 garbage-first heap   total 204800K, used 89881K [0x0000000080000000, 0x0000000100000000)
  region size 1024K, 2 young (2048K), 2 survivors (2048K)
 Metaspace       used 83339K, committed 83968K, reserved 1122304K
  class space    used 11415K, committed 11712K, reserved 1048576K
}
Event: 348.787 GC heap before
{Heap before GC invocations=32 (full 0):
 garbage-first heap   total 204800K, used 98073K [0x0000000080000000, 0x0000000100000000)
  region size 1024K, 11 young (11264K), 2 survivors (2048K)
 Metaspace       used 83794K, committed 84544K, reserved 1122304K
  class space    used 11495K, committed 11840K, reserved 1048576K
}
Event: 348.790 GC heap after
{Heap after GC invocations=33 (full 0):
 garbage-first heap   total 204800K, used 90069K [0x0000000080000000, 0x0000000100000000)
  region size 1024K, 2 young (2048K), 2 survivors (2048K)
 Metaspace       used 83794K, committed 84544K, reserved 1122304K
  class space    used 11495K, committed 11840K, reserved 1048576K
}
Event: 350.761 GC heap before
{Heap before GC invocations=34 (full 0):
 garbage-first heap   total 204800K, used 189397K [0x0000000080000000, 0x0000000100000000)
  region size 1024K, 72 young (73728K), 2 survivors (2048K)
 Metaspace       used 87261K, committed 88064K, reserved 1130496K
  class space    used 11930K, committed 12288K, reserved 1048576K
}
Event: 350.779 GC heap after
{Heap after GC invocations=35 (full 0):
 garbage-first heap   total 204800K, used 129201K [0x0000000080000000, 0x0000000100000000)
  region size 1024K, 9 young (9216K), 9 survivors (9216K)
 Metaspace       used 87261K, committed 88064K, reserved 1130496K
  class space    used 11930K, committed 12288K, reserved 1048576K
}
Event: 350.799 GC heap before
{Heap before GC invocations=35 (full 0):
 garbage-first heap   total 204800K, used 130225K [0x0000000080000000, 0x0000000100000000)
  region size 1024K, 10 young (10240K), 9 survivors (9216K)
 Metaspace       used 87523K, committed 88320K, reserved 1130496K
  class space    used 11954K, committed 12288K, reserved 1048576K
}
Event: 350.810 GC heap after
{Heap after GC invocations=36 (full 0):
 garbage-first heap   total 204800K, used 129883K [0x0000000080000000, 0x0000000100000000)
  region size 1024K, 1 young (1024K), 1 survivors (1024K)
 Metaspace       used 87523K, committed 88320K, reserved 1130496K
  class space    used 11954K, committed 12288K, reserved 1048576K
}
Event: 351.432 GC heap before
{Heap before GC invocations=36 (full 0):
 garbage-first heap   total 204800K, used 166747K [0x0000000080000000, 0x0000000100000000)
  region size 1024K, 38 young (38912K), 1 survivors (1024K)
 Metaspace       used 89434K, committed 90240K, reserved 1130496K
  class space    used 12221K, committed 12608K, reserved 1048576K
}
Event: 351.439 GC heap after
{Heap after GC invocations=37 (full 0):
 garbage-first heap   total 204800K, used 132096K [0x0000000080000000, 0x0000000100000000)
  region size 1024K, 3 young (3072K), 3 survivors (3072K)
 Metaspace       used 89434K, committed 90240K, reserved 1130496K
  class space    used 12221K, committed 12608K, reserved 1048576K
}
Event: 351.857 GC heap before
{Heap before GC invocations=38 (full 0):
 garbage-first heap   total 256000K, used 174080K [0x0000000080000000, 0x0000000100000000)
  region size 1024K, 40 young (40960K), 3 survivors (3072K)
 Metaspace       used 89439K, committed 90240K, reserved 1130496K
  class space    used 12222K, committed 12608K, reserved 1048576K
}
Event: 351.879 GC heap after
{Heap after GC invocations=39 (full 0):
 garbage-first heap   total 256000K, used 148202K [0x0000000080000000, 0x0000000100000000)
  region size 1024K, 5 young (5120K), 5 survivors (5120K)
 Metaspace       used 89439K, committed 90240K, reserved 1130496K
  class space    used 12222K, committed 12608K, reserved 1048576K
}
Event: 351.927 GC heap before
{Heap before GC invocations=39 (full 0):
 garbage-first heap   total 256000K, used 154346K [0x0000000080000000, 0x0000000100000000)
  region size 1024K, 12 young (12288K), 5 survivors (5120K)
 Metaspace       used 89439K, committed 90240K, reserved 1130496K
  class space    used 12222K, committed 12608K, reserved 1048576K
}
Event: 351.940 GC heap after
{Heap after GC invocations=40 (full 0):
 garbage-first heap   total 256000K, used 150418K [0x0000000080000000, 0x0000000100000000)
  region size 1024K, 2 young (2048K), 2 survivors (2048K)
 Metaspace       used 89439K, committed 90240K, reserved 1130496K
  class space    used 12222K, committed 12608K, reserved 1048576K
}
Event: 352.702 GC heap before
{Heap before GC invocations=40 (full 0):
 garbage-first heap   total 256000K, used 200594K [0x0000000080000000, 0x0000000100000000)
  region size 1024K, 52 young (53248K), 2 survivors (2048K)
 Metaspace       used 89465K, committed 90240K, reserved 1130496K
  class space    used 12222K, committed 12608K, reserved 1048576K
}

