# JRE version: OpenJDK Runtime Environment (17.0.6) (build 17.0.6+0-b2043.56-10027231)
# Java VM: OpenJDK 64-Bit Server VM (17.0.6+0-b2043.56-10027231, mixed mode, tiered, compressed oops, compressed class ptrs, g1 gc, windows-amd64)
GC Precious Log:
 CPUs: 4 total, 4 available
 Memory: 8071M
 Large Page Support: Disabled
 NUMA Support: Disabled
 Compressed Oops: Enabled (32-bit)
 Heap Region Size: 1M
 Heap Min Capacity: 8M
 Heap Initial Capacity: 128M
 Heap Max Capacity: 2G
 Pre-touch: Disabled
 Parallel Workers: 4
 Concurrent Workers: 1
 Concurrent Refinement Workers: 4
 Periodic GC: Disabled
Heap:
 garbage-first heap   total 345088K, used 211890K [0x0000000080000000, 0x0000000100000000)
  region size 1024K, 8 young (8192K), 8 survivors (8192K)
 Metaspace       used 109425K, committed 110208K, reserved 1146880K
  class space    used 14931K, committed 15296K, reserved 1048576K
GC Heap History (20 events):
Event: 18.832 GC heap after
{Heap after GC invocations=31 (full 0):
 garbage-first heap   total 160768K, used 76686K [0x0000000080000000, 0x0000000100000000)
  region size 1024K, 8 young (8192K), 8 survivors (8192K)
 Metaspace       used 89864K, committed 90560K, reserved 1130496K
  class space    used 12339K, committed 12672K, reserved 1048576K
}
Event: 19.812 GC heap before
{Heap before GC invocations=31 (full 0):
 garbage-first heap   total 160768K, used 126862K [0x0000000080000000, 0x0000000100000000)
  region size 1024K, 57 young (58368K), 8 survivors (8192K)
 Metaspace       used 91313K, committed 92032K, reserved 1130496K
  class space    used 12458K, committed 12800K, reserved 1048576K
}
Event: 19.833 GC heap after
{Heap after GC invocations=32 (full 0):
 garbage-first heap   total 160768K, used 80518K [0x0000000080000000, 0x0000000100000000)
  region size 1024K, 5 young (5120K), 5 survivors (5120K)
 Metaspace       used 91313K, committed 92032K, reserved 1130496K
  class space    used 12458K, committed 12800K, reserved 1048576K
}
Event: 19.921 GC heap before
{Heap before GC invocations=32 (full 0):
 garbage-first heap   total 160768K, used 84614K [0x0000000080000000, 0x0000000100000000)
  region size 1024K, 10 young (10240K), 5 survivors (5120K)
 Metaspace       used 91633K, committed 92288K, reserved 1130496K
  class space    used 12504K, committed 12800K, reserved 1048576K
}
Event: 19.930 GC heap after
{Heap after GC invocations=33 (full 0):
 garbage-first heap   total 160768K, used 81758K [0x0000000080000000, 0x0000000100000000)
  region size 1024K, 1 young (1024K), 1 survivors (1024K)
 Metaspace       used 91633K, committed 92288K, reserved 1130496K
  class space    used 12504K, committed 12800K, reserved 1048576K
}
Event: 21.118 GC heap before
{Heap before GC invocations=34 (full 0):
 garbage-first heap   total 160768K, used 131934K [0x0000000080000000, 0x0000000100000000)
  region size 1024K, 49 young (50176K), 1 survivors (1024K)
 Metaspace       used 94293K, committed 94912K, reserved 1138688K
  class space    used 12829K, committed 13120K, reserved 1048576K
}
Event: 21.146 GC heap after
{Heap after GC invocations=35 (full 0):
 garbage-first heap   total 160768K, used 102345K [0x0000000080000000, 0x0000000100000000)
  region size 1024K, 7 young (7168K), 7 survivors (7168K)
 Metaspace       used 94293K, committed 94912K, reserved 1138688K
  class space    used 12829K, committed 13120K, reserved 1048576K
}
Event: 21.169 GC heap before
{Heap before GC invocations=35 (full 0):
 garbage-first heap   total 160768K, used 103369K [0x0000000080000000, 0x0000000100000000)
  region size 1024K, 8 young (8192K), 7 survivors (7168K)
 Metaspace       used 94294K, committed 94912K, reserved 1138688K
  class space    used 12829K, committed 13120K, reserved 1048576K
}
Event: 21.189 GC heap after
{Heap after GC invocations=36 (full 0):
 garbage-first heap   total 321536K, used 102912K [0x0000000080000000, 0x0000000100000000)
  region size 1024K, 1 young (1024K), 1 survivors (1024K)
 Metaspace       used 94294K, committed 94912K, reserved 1138688K
  class space    used 12829K, committed 13120K, reserved 1048576K
}
Event: 24.335 GC heap before
{Heap before GC invocations=36 (full 0):
 garbage-first heap   total 321536K, used 268800K [0x0000000080000000, 0x0000000100000000)
  region size 1024K, 136 young (139264K), 1 survivors (1024K)
 Metaspace       used 99268K, committed 99968K, reserved 1138688K
  class space    used 13369K, committed 13696K, reserved 1048576K
}
Event: 24.371 GC heap after
{Heap after GC invocations=37 (full 0):
 garbage-first heap   total 321536K, used 128254K [0x0000000080000000, 0x0000000100000000)
  region size 1024K, 15 young (15360K), 15 survivors (15360K)
 Metaspace       used 99268K, committed 99968K, reserved 1138688K
  class space    used 13369K, committed 13696K, reserved 1048576K
}
Event: 25.926 GC heap before
{Heap before GC invocations=37 (full 0):
 garbage-first heap   total 321536K, used 266494K [0x0000000080000000, 0x0000000100000000)
  region size 1024K, 121 young (123904K), 15 survivors (15360K)
 Metaspace       used 104869K, committed 105600K, reserved 1146880K
  class space    used 14303K, committed 14656K, reserved 1048576K
}
Event: 26.025 GC heap after
{Heap after GC invocations=38 (full 0):
 garbage-first heap   total 321536K, used 179782K [0x0000000080000000, 0x0000000100000000)
  region size 1024K, 16 young (16384K), 16 survivors (16384K)
 Metaspace       used 104869K, committed 105600K, reserved 1146880K
  class space    used 14303K, committed 14656K, reserved 1048576K
}
Event: 26.510 GC heap before
{Heap before GC invocations=38 (full 0):
 garbage-first heap   total 321536K, used 240198K [0x0000000080000000, 0x0000000100000000)
  region size 1024K, 76 young (77824K), 16 survivors (16384K)
 Metaspace       used 104941K, committed 105664K, reserved 1146880K
  class space    used 14305K, committed 14656K, reserved 1048576K
}
Event: 26.620 GC heap after
{Heap after GC invocations=39 (full 0):
 garbage-first heap   total 321536K, used 210944K [0x0000000080000000, 0x0000000100000000)
  region size 1024K, 10 young (10240K), 10 survivors (10240K)
 Metaspace       used 104941K, committed 105664K, reserved 1146880K
  class space    used 14305K, committed 14656K, reserved 1048576K
}
Event: 27.905 GC heap before
{Heap before GC invocations=40 (full 0):
 garbage-first heap   total 345088K, used 233472K [0x0000000080000000, 0x0000000100000000)
  region size 1024K, 47 young (48128K), 10 survivors (10240K)
 Metaspace       used 108548K, committed 109248K, reserved 1146880K
  class space    used 14826K, committed 15168K, reserved 1048576K
}
Event: 27.937 GC heap after
{Heap after GC invocations=41 (full 0):
 garbage-first heap   total 345088K, used 201216K [0x0000000080000000, 0x0000000100000000)
  region size 1024K, 4 young (4096K), 4 survivors (4096K)
 Metaspace       used 108548K, committed 109248K, reserved 1146880K
  class space    used 14826K, committed 15168K, reserved 1048576K
}
Event: 28.066 GC heap before
{Heap before GC invocations=41 (full 0):
 garbage-first heap   total 345088K, used 212480K [0x0000000080000000, 0x0000000100000000)
  region size 1024K, 16 young (16384K), 4 survivors (4096K)
 Metaspace       used 108559K, committed 109248K, reserved 1146880K
  class space    used 14826K, committed 15168K, reserved 1048576K
}
Event: 28.077 GC heap after
{Heap after GC invocations=42 (full 0):
 garbage-first heap   total 345088K, used 199680K [0x0000000080000000, 0x0000000100000000)
  region size 1024K, 2 young (2048K), 2 survivors (2048K)
 Metaspace       used 108559K, committed 109248K, reserved 1146880K
  class space    used 14826K, committed 15168K, reserved 1048576K
}
Event: 29.093 GC heap before
{Heap before GC invocations=42 (full 0):
 garbage-first heap   total 345088K, used 263168K [0x0000000080000000, 0x0000000100000000)
  region size 1024K, 59 young (60416K), 2 survivors (2048K)
 Metaspace       used 109425K, committed 110208K, reserved 1146880K
  class space    used 14931K, committed 15296K, reserved 1048576K
}

