# JRE version: OpenJDK Runtime Environment (17.0.6) (build 17.0.6+0-b2043.56-10027231)
# Java VM: OpenJDK 64-Bit Server VM (17.0.6+0-b2043.56-10027231, mixed mode, tiered, compressed oops, compressed class ptrs, g1 gc, windows-amd64)
GC Precious Log:
 CPUs: 4 total, 4 available
 Memory: 8071M
 Large Page Support: Disabled
 NUMA Support: Disabled
 Compressed Oops: Enabled (32-bit)
 Heap Region Size: 1M
 Heap Min Capacity: 8M
 Heap Initial Capacity: 128M
 Heap Max Capacity: 2G
 Pre-touch: Disabled
 Parallel Workers: 4
 Concurrent Workers: 1
 Concurrent Refinement Workers: 4
 Periodic GC: Disabled
Heap:
 garbage-first heap   total 247808K, used 155648K [0x0000000080000000, 0x0000000100000000)
  region size 1024K, 2 young (2048K), 2 survivors (2048K)
 Metaspace       used 99689K, committed 100352K, reserved 1138688K
  class space    used 13705K, committed 14016K, reserved 1048576K
GC Heap History (20 events):
Event: 18.617 GC heap after
{Heap after GC invocations=25 (full 0):
 garbage-first heap   total 159744K, used 79285K [0x0000000080000000, 0x0000000100000000)
  region size 1024K, 7 young (7168K), 7 survivors (7168K)
 Metaspace       used 90156K, committed 90816K, reserved 1130496K
  class space    used 12358K, committed 12672K, reserved 1048576K
}
Event: 19.305 GC heap before
{Heap before GC invocations=25 (full 0):
 garbage-first heap   total 159744K, used 126389K [0x0000000080000000, 0x0000000100000000)
  region size 1024K, 54 young (55296K), 7 survivors (7168K)
 Metaspace       used 90727K, committed 91392K, reserved 1130496K
  class space    used 12409K, committed 12736K, reserved 1048576K
}
Event: 19.318 GC heap after
{Heap after GC invocations=26 (full 0):
 garbage-first heap   total 159744K, used 82338K [0x0000000080000000, 0x0000000100000000)
  region size 1024K, 5 young (5120K), 5 survivors (5120K)
 Metaspace       used 90727K, committed 91392K, reserved 1130496K
  class space    used 12409K, committed 12736K, reserved 1048576K
}
Event: 20.674 GC heap before
{Heap before GC invocations=27 (full 0):
 garbage-first heap   total 159744K, used 128418K [0x0000000080000000, 0x0000000100000000)
  region size 1024K, 50 young (51200K), 5 survivors (5120K)
 Metaspace       used 93150K, committed 93888K, reserved 1130496K
  class space    used 12652K, committed 12992K, reserved 1048576K
}
Event: 20.695 GC heap after
{Heap after GC invocations=28 (full 0):
 garbage-first heap   total 159744K, used 87045K [0x0000000080000000, 0x0000000100000000)
  region size 1024K, 6 young (6144K), 6 survivors (6144K)
 Metaspace       used 93150K, committed 93888K, reserved 1130496K
  class space    used 12652K, committed 12992K, reserved 1048576K
}
Event: 20.709 GC heap before
{Heap before GC invocations=28 (full 0):
 garbage-first heap   total 159744K, used 88069K [0x0000000080000000, 0x0000000100000000)
  region size 1024K, 7 young (7168K), 6 survivors (6144K)
 Metaspace       used 93150K, committed 93888K, reserved 1130496K
  class space    used 12652K, committed 12992K, reserved 1048576K
}
Event: 20.722 GC heap after
{Heap after GC invocations=29 (full 0):
 garbage-first heap   total 192512K, used 87040K [0x0000000080000000, 0x0000000100000000)
  region size 1024K, 1 young (1024K), 1 survivors (1024K)
 Metaspace       used 93150K, committed 93888K, reserved 1130496K
  class space    used 12652K, committed 12992K, reserved 1048576K
}
Event: 21.617 GC heap before
{Heap before GC invocations=29 (full 0):
 garbage-first heap   total 192512K, used 179200K [0x0000000080000000, 0x0000000100000000)
  region size 1024K, 60 young (61440K), 1 survivors (1024K)
 Metaspace       used 96832K, committed 97536K, reserved 1138688K
  class space    used 13162K, committed 13504K, reserved 1048576K
}
Event: 21.626 GC heap after
{Heap after GC invocations=30 (full 0):
 garbage-first heap   total 192512K, used 119200K [0x0000000080000000, 0x0000000100000000)
  region size 1024K, 9 young (9216K), 9 survivors (9216K)
 Metaspace       used 96832K, committed 97536K, reserved 1138688K
  class space    used 13162K, committed 13504K, reserved 1048576K
}
Event: 21.627 GC heap before
{Heap before GC invocations=30 (full 0):
 garbage-first heap   total 192512K, used 122272K [0x0000000080000000, 0x0000000100000000)
  region size 1024K, 10 young (10240K), 9 survivors (9216K)
 Metaspace       used 96832K, committed 97536K, reserved 1138688K
  class space    used 13162K, committed 13504K, reserved 1048576K
}
Event: 21.633 GC heap after
{Heap after GC invocations=31 (full 0):
 garbage-first heap   total 192512K, used 121790K [0x0000000080000000, 0x0000000100000000)
  region size 1024K, 1 young (1024K), 1 survivors (1024K)
 Metaspace       used 96832K, committed 97536K, reserved 1138688K
  class space    used 13162K, committed 13504K, reserved 1048576K
}
Event: 22.403 GC heap before
{Heap before GC invocations=32 (full 0):
 garbage-first heap   total 220160K, used 161726K [0x0000000080000000, 0x0000000100000000)
  region size 1024K, 37 young (37888K), 1 survivors (1024K)
 Metaspace       used 97115K, committed 97728K, reserved 1138688K
  class space    used 13208K, committed 13504K, reserved 1048576K
}
Event: 22.427 GC heap after
{Heap after GC invocations=33 (full 0):
 garbage-first heap   total 220160K, used 134309K [0x0000000080000000, 0x0000000100000000)
  region size 1024K, 5 young (5120K), 5 survivors (5120K)
 Metaspace       used 97115K, committed 97728K, reserved 1138688K
  class space    used 13208K, committed 13504K, reserved 1048576K
}
Event: 22.490 GC heap before
{Heap before GC invocations=33 (full 0):
 garbage-first heap   total 220160K, used 138405K [0x0000000080000000, 0x0000000100000000)
  region size 1024K, 10 young (10240K), 5 survivors (5120K)
 Metaspace       used 97115K, committed 97728K, reserved 1138688K
  class space    used 13208K, committed 13504K, reserved 1048576K
}
Event: 22.512 GC heap after
{Heap after GC invocations=34 (full 0):
 garbage-first heap   total 220160K, used 135793K [0x0000000080000000, 0x0000000100000000)
  region size 1024K, 2 young (2048K), 2 survivors (2048K)
 Metaspace       used 97115K, committed 97728K, reserved 1138688K
  class space    used 13208K, committed 13504K, reserved 1048576K
}
Event: 22.545 GC heap before
{Heap before GC invocations=34 (full 0):
 garbage-first heap   total 220160K, used 138865K [0x0000000080000000, 0x0000000100000000)
  region size 1024K, 6 young (6144K), 2 survivors (2048K)
 Metaspace       used 97115K, committed 97728K, reserved 1138688K
  class space    used 13208K, committed 13504K, reserved 1048576K
}
Event: 22.556 GC heap after
{Heap after GC invocations=35 (full 0):
 garbage-first heap   total 220160K, used 137472K [0x0000000080000000, 0x0000000100000000)
  region size 1024K, 4 young (4096K), 4 survivors (4096K)
 Metaspace       used 97115K, committed 97728K, reserved 1138688K
  class space    used 13208K, committed 13504K, reserved 1048576K
}
Event: 23.746 GC heap before
{Heap before GC invocations=36 (full 0):
 garbage-first heap   total 247808K, used 172288K [0x0000000080000000, 0x0000000100000000)
  region size 1024K, 37 young (37888K), 4 survivors (4096K)
 Metaspace       used 99684K, committed 100352K, reserved 1138688K
  class space    used 13705K, committed 14016K, reserved 1048576K
}
Event: 23.784 GC heap after
{Heap after GC invocations=37 (full 0):
 garbage-first heap   total 247808K, used 152541K [0x0000000080000000, 0x0000000100000000)
  region size 1024K, 5 young (5120K), 5 survivors (5120K)
 Metaspace       used 99684K, committed 100352K, reserved 1138688K
  class space    used 13705K, committed 14016K, reserved 1048576K
}
Event: 23.837 GC heap before
{Heap before GC invocations=37 (full 0):
 garbage-first heap   total 247808K, used 159709K [0x0000000080000000, 0x0000000100000000)
  region size 1024K, 12 young (12288K), 5 survivors (5120K)
 Metaspace       used 99689K, committed 100352K, reserved 1138688K
  class space    used 13705K, committed 14016K, reserved 1048576K
}

