# JRE version: OpenJDK Runtime Environment (17.0.6) (build 17.0.6+0-b2043.56-10027231)
# Java VM: OpenJDK 64-Bit Server VM (17.0.6+0-b2043.56-10027231, mixed mode, tiered, compressed oops, compressed class ptrs, g1 gc, windows-amd64)
GC Precious Log:
 CPUs: 4 total, 4 available
 Memory: 8071M
 Large Page Support: Disabled
 NUMA Support: Disabled
 Compressed Oops: Enabled (32-bit)
 Heap Region Size: 1M
 Heap Min Capacity: 8M
 Heap Initial Capacity: 128M
 Heap Max Capacity: 2G
 Pre-touch: Disabled
 Parallel Workers: 4
 Concurrent Workers: 1
 Concurrent Refinement Workers: 4
 Periodic GC: Disabled
Heap:
 garbage-first heap   total 268288K, used 135288K [0x0000000080000000, 0x0000000100000000)
  region size 1024K, 1 young (1024K), 1 survivors (1024K)
 Metaspace       used 97111K, committed 97792K, reserved 1138688K
  class space    used 13197K, committed 13504K, reserved 1048576K
GC Heap History (20 events):
Event: 15.564 GC heap after
{Heap after GC invocations=30 (full 0):
 garbage-first heap   total 256000K, used 55857K [0x0000000080000000, 0x0000000100000000)
  region size 1024K, 4 young (4096K), 4 survivors (4096K)
 Metaspace       used 72243K, committed 72704K, reserved 1114112K
  class space    used 9591K, committed 9792K, reserved 1048576K
}
Event: 18.312 GC heap before
{Heap before GC invocations=31 (full 0):
 garbage-first heap   total 211968K, used 173617K [0x0000000080000000, 0x0000000100000000)
  region size 1024K, 119 young (121856K), 4 survivors (4096K)
 Metaspace       used 84720K, committed 85312K, reserved 1122304K
  class space    used 11597K, committed 11840K, reserved 1048576K
}
Event: 18.329 GC heap after
{Heap after GC invocations=32 (full 0):
 garbage-first heap   total 211968K, used 63094K [0x0000000080000000, 0x0000000100000000)
  region size 1024K, 11 young (11264K), 11 survivors (11264K)
 Metaspace       used 84720K, committed 85312K, reserved 1122304K
  class space    used 11597K, committed 11840K, reserved 1048576K
}
Event: 18.352 GC heap before
{Heap before GC invocations=32 (full 0):
 garbage-first heap   total 211968K, used 64118K [0x0000000080000000, 0x0000000100000000)
  region size 1024K, 12 young (12288K), 11 survivors (11264K)
 Metaspace       used 84839K, committed 85440K, reserved 1130496K
  class space    used 11613K, committed 11904K, reserved 1048576K
}
Event: 18.372 GC heap after
{Heap after GC invocations=33 (full 0):
 garbage-first heap   total 211968K, used 63708K [0x0000000080000000, 0x0000000100000000)
  region size 1024K, 2 young (2048K), 2 survivors (2048K)
 Metaspace       used 84839K, committed 85440K, reserved 1130496K
  class space    used 11613K, committed 11904K, reserved 1048576K
}
Event: 20.486 GC heap before
{Heap before GC invocations=33 (full 0):
 garbage-first heap   total 211968K, used 155868K [0x0000000080000000, 0x0000000100000000)
  region size 1024K, 92 young (94208K), 2 survivors (2048K)
 Metaspace       used 89881K, committed 90496K, reserved 1130496K
  class space    used 12333K, committed 12608K, reserved 1048576K
}
Event: 20.507 GC heap after
{Heap after GC invocations=34 (full 0):
 garbage-first heap   total 211968K, used 73730K [0x0000000080000000, 0x0000000100000000)
  region size 1024K, 12 young (12288K), 12 survivors (12288K)
 Metaspace       used 89881K, committed 90496K, reserved 1130496K
  class space    used 12333K, committed 12608K, reserved 1048576K
}
Event: 22.033 GC heap before
{Heap before GC invocations=34 (full 0):
 garbage-first heap   total 211968K, used 155650K [0x0000000080000000, 0x0000000100000000)
  region size 1024K, 93 young (95232K), 12 survivors (12288K)
 Metaspace       used 90772K, committed 91392K, reserved 1130496K
  class space    used 12399K, committed 12672K, reserved 1048576K
}
Event: 22.058 GC heap after
{Heap after GC invocations=35 (full 0):
 garbage-first heap   total 211968K, used 81743K [0x0000000080000000, 0x0000000100000000)
  region size 1024K, 8 young (8192K), 8 survivors (8192K)
 Metaspace       used 90772K, committed 91392K, reserved 1130496K
  class space    used 12399K, committed 12672K, reserved 1048576K
}
Event: 24.023 GC heap before
{Heap before GC invocations=36 (full 0):
 garbage-first heap   total 211968K, used 161615K [0x0000000080000000, 0x0000000100000000)
  region size 1024K, 86 young (88064K), 8 survivors (8192K)
 Metaspace       used 93344K, committed 94016K, reserved 1130496K
  class space    used 12663K, committed 12992K, reserved 1048576K
}
Event: 24.044 GC heap after
{Heap after GC invocations=37 (full 0):
 garbage-first heap   total 211968K, used 88584K [0x0000000080000000, 0x0000000100000000)
  region size 1024K, 8 young (8192K), 8 survivors (8192K)
 Metaspace       used 93344K, committed 94016K, reserved 1130496K
  class space    used 12663K, committed 12992K, reserved 1048576K
}
Event: 24.093 GC heap before
{Heap before GC invocations=37 (full 0):
 garbage-first heap   total 211968K, used 90632K [0x0000000080000000, 0x0000000100000000)
  region size 1024K, 10 young (10240K), 8 survivors (8192K)
 Metaspace       used 93345K, committed 94016K, reserved 1130496K
  class space    used 12663K, committed 12992K, reserved 1048576K
}
Event: 24.109 GC heap after
{Heap after GC invocations=38 (full 0):
 garbage-first heap   total 211968K, used 89425K [0x0000000080000000, 0x0000000100000000)
  region size 1024K, 2 young (2048K), 2 survivors (2048K)
 Metaspace       used 93345K, committed 94016K, reserved 1130496K
  class space    used 12663K, committed 12992K, reserved 1048576K
}
Event: 24.289 GC heap before
{Heap before GC invocations=38 (full 0):
 garbage-first heap   total 211968K, used 96593K [0x0000000080000000, 0x0000000100000000)
  region size 1024K, 10 young (10240K), 2 survivors (2048K)
 Metaspace       used 93538K, committed 94208K, reserved 1138688K
  class space    used 12685K, committed 12992K, reserved 1048576K
}
Event: 24.296 GC heap after
{Heap after GC invocations=39 (full 0):
 garbage-first heap   total 211968K, used 89004K [0x0000000080000000, 0x0000000100000000)
  region size 1024K, 1 young (1024K), 1 survivors (1024K)
 Metaspace       used 93538K, committed 94208K, reserved 1138688K
  class space    used 12685K, committed 12992K, reserved 1048576K
}
Event: 25.391 GC heap before
{Heap before GC invocations=40 (full 0):
 garbage-first heap   total 211968K, used 197548K [0x0000000080000000, 0x0000000100000000)
  region size 1024K, 69 young (70656K), 1 survivors (1024K)
 Metaspace       used 97111K, committed 97792K, reserved 1138688K
  class space    used 13197K, committed 13504K, reserved 1048576K
}
Event: 25.422 GC heap after
{Heap after GC invocations=41 (full 0):
 garbage-first heap   total 224256K, used 134896K [0x0000000080000000, 0x0000000100000000)
  region size 1024K, 10 young (10240K), 10 survivors (10240K)
 Metaspace       used 97111K, committed 97792K, reserved 1138688K
  class space    used 13197K, committed 13504K, reserved 1048576K
}
Event: 25.437 GC heap before
{Heap before GC invocations=41 (full 0):
 garbage-first heap   total 224256K, used 135920K [0x0000000080000000, 0x0000000100000000)
  region size 1024K, 11 young (11264K), 10 survivors (10240K)
 Metaspace       used 97111K, committed 97792K, reserved 1138688K
  class space    used 13197K, committed 13504K, reserved 1048576K
}
Event: 25.458 GC heap after
{Heap after GC invocations=42 (full 0):
 garbage-first heap   total 224256K, used 135689K [0x0000000080000000, 0x0000000100000000)
  region size 1024K, 2 young (2048K), 2 survivors (2048K)
 Metaspace       used 97111K, committed 97792K, reserved 1138688K
  class space    used 13197K, committed 13504K, reserved 1048576K
}
Event: 25.463 GC heap before
{Heap before GC invocations=42 (full 0):
 garbage-first heap   total 224256K, used 135689K [0x0000000080000000, 0x0000000100000000)
  region size 1024K, 3 young (3072K), 2 survivors (2048K)
 Metaspace       used 97111K, committed 97792K, reserved 1138688K
  class space    used 13197K, committed 13504K, reserved 1048576K
}

