# JRE version: OpenJDK Runtime Environment (17.0.6) (build 17.0.6+0-b2043.56-10027231)
# Java VM: OpenJDK 64-Bit Server VM (17.0.6+0-b2043.56-10027231, mixed mode, tiered, compressed oops, compressed class ptrs, g1 gc, windows-amd64)
GC Precious Log:
 CPUs: 4 total, 4 available
 Memory: 8071M
 Large Page Support: Disabled
 NUMA Support: Disabled
 Compressed Oops: Enabled (32-bit)
 Heap Region Size: 1M
 Heap Min Capacity: 8M
 Heap Initial Capacity: 128M
 Heap Max Capacity: 2G
 Pre-touch: Disabled
 Parallel Workers: 4
 Concurrent Workers: 1
 Concurrent Refinement Workers: 4
 Periodic GC: Disabled
Heap:
 garbage-first heap   total 241664K, used 171520K [0x0000000080000000, 0x0000000100000000)
  region size 1024K, 3 young (3072K), 3 survivors (3072K)
 Metaspace       used 102495K, committed 103232K, reserved 1138688K
  class space    used 14039K, committed 14400K, reserved 1048576K
GC Heap History (20 events):
Event: 14.224 GC heap after
{Heap after GC invocations=28 (full 0):
 garbage-first heap   total 109568K, used 56329K [0x0000000080000000, 0x0000000100000000)
  region size 1024K, 1 young (1024K), 1 survivors (1024K)
 Metaspace       used 72728K, committed 73408K, reserved 1114112K
  class space    used 9647K, committed 9984K, reserved 1048576K
}
Event: 14.965 GC heap before
{Heap before GC invocations=28 (full 0):
 garbage-first heap   total 109568K, used 87049K [0x0000000080000000, 0x0000000100000000)
  region size 1024K, 30 young (30720K), 1 survivors (1024K)
 Metaspace       used 76169K, committed 76736K, reserved 1122304K
  class space    used 10224K, committed 10496K, reserved 1048576K
}
Event: 14.971 GC heap after
{Heap after GC invocations=29 (full 0):
 garbage-first heap   total 233472K, used 56878K [0x0000000080000000, 0x0000000100000000)
  region size 1024K, 2 young (2048K), 2 survivors (2048K)
 Metaspace       used 76169K, committed 76736K, reserved 1122304K
  class space    used 10224K, committed 10496K, reserved 1048576K
}
Event: 17.959 GC heap before
{Heap before GC invocations=30 (full 0):
 garbage-first heap   total 208896K, used 179758K [0x0000000080000000, 0x0000000100000000)
  region size 1024K, 122 young (124928K), 2 survivors (2048K)
 Metaspace       used 87970K, committed 88640K, reserved 1130496K
  class space    used 11999K, committed 12352K, reserved 1048576K
}
Event: 17.978 GC heap after
{Heap after GC invocations=31 (full 0):
 garbage-first heap   total 208896K, used 67532K [0x0000000080000000, 0x0000000100000000)
  region size 1024K, 12 young (12288K), 12 survivors (12288K)
 Metaspace       used 87970K, committed 88640K, reserved 1130496K
  class space    used 11999K, committed 12352K, reserved 1048576K
}
Event: 17.989 GC heap before
{Heap before GC invocations=31 (full 0):
 garbage-first heap   total 208896K, used 68556K [0x0000000080000000, 0x0000000100000000)
  region size 1024K, 13 young (13312K), 12 survivors (12288K)
 Metaspace       used 87978K, committed 88640K, reserved 1130496K
  class space    used 12000K, committed 12352K, reserved 1048576K
}
Event: 18.006 GC heap after
{Heap after GC invocations=32 (full 0):
 garbage-first heap   total 208896K, used 68900K [0x0000000080000000, 0x0000000100000000)
  region size 1024K, 2 young (2048K), 2 survivors (2048K)
 Metaspace       used 87978K, committed 88640K, reserved 1130496K
  class space    used 12000K, committed 12352K, reserved 1048576K
}
Event: 19.589 GC heap before
{Heap before GC invocations=32 (full 0):
 garbage-first heap   total 208896K, used 156964K [0x0000000080000000, 0x0000000100000000)
  region size 1024K, 89 young (91136K), 2 survivors (2048K)
 Metaspace       used 90121K, committed 90752K, reserved 1130496K
  class space    used 12339K, committed 12672K, reserved 1048576K
}
Event: 19.607 GC heap after
{Heap after GC invocations=33 (full 0):
 garbage-first heap   total 208896K, used 78273K [0x0000000080000000, 0x0000000100000000)
  region size 1024K, 11 young (11264K), 11 survivors (11264K)
 Metaspace       used 90121K, committed 90752K, reserved 1130496K
  class space    used 12339K, committed 12672K, reserved 1048576K
}
Event: 21.666 GC heap before
{Heap before GC invocations=33 (full 0):
 garbage-first heap   total 208896K, used 160193K [0x0000000080000000, 0x0000000100000000)
  region size 1024K, 91 young (93184K), 11 survivors (11264K)
 Metaspace       used 94932K, committed 95680K, reserved 1138688K
  class space    used 12874K, committed 13248K, reserved 1048576K
}
Event: 21.687 GC heap after
{Heap after GC invocations=34 (full 0):
 garbage-first heap   total 208896K, used 84507K [0x0000000080000000, 0x0000000100000000)
  region size 1024K, 8 young (8192K), 8 survivors (8192K)
 Metaspace       used 94932K, committed 95680K, reserved 1138688K
  class space    used 12874K, committed 13248K, reserved 1048576K
}
Event: 23.389 GC heap before
{Heap before GC invocations=34 (full 0):
 garbage-first heap   total 208896K, used 182811K [0x0000000080000000, 0x0000000100000000)
  region size 1024K, 85 young (87040K), 8 survivors (8192K)
 Metaspace       used 98834K, committed 99520K, reserved 1138688K
  class space    used 13401K, committed 13760K, reserved 1048576K
}
Event: 23.408 GC heap after
{Heap after GC invocations=35 (full 0):
 garbage-first heap   total 208896K, used 109942K [0x0000000080000000, 0x0000000100000000)
  region size 1024K, 11 young (11264K), 11 survivors (11264K)
 Metaspace       used 98834K, committed 99520K, reserved 1138688K
  class space    used 13401K, committed 13760K, reserved 1048576K
}
Event: 24.016 GC heap before
{Heap before GC invocations=35 (full 0):
 garbage-first heap   total 208896K, used 185717K [0x0000000080000000, 0x0000000100000000)
  region size 1024K, 66 young (67584K), 11 survivors (11264K)
 Metaspace       used 99821K, committed 100544K, reserved 1138688K
  class space    used 13526K, committed 13888K, reserved 1048576K
}
Event: 24.059 GC heap after
{Heap after GC invocations=36 (full 0):
 garbage-first heap   total 217088K, used 136986K [0x0000000080000000, 0x0000000100000000)
  region size 1024K, 9 young (9216K), 9 survivors (9216K)
 Metaspace       used 99821K, committed 100544K, reserved 1138688K
  class space    used 13526K, committed 13888K, reserved 1048576K
}
Event: 24.587 GC heap before
{Heap before GC invocations=36 (full 0):
 garbage-first heap   total 217088K, used 171802K [0x0000000080000000, 0x0000000100000000)
  region size 1024K, 44 young (45056K), 9 survivors (9216K)
 Metaspace       used 102411K, committed 103168K, reserved 1138688K
  class space    used 14038K, committed 14400K, reserved 1048576K
}
Event: 24.640 GC heap after
{Heap after GC invocations=37 (full 0):
 garbage-first heap   total 217088K, used 151552K [0x0000000080000000, 0x0000000100000000)
  region size 1024K, 6 young (6144K), 6 survivors (6144K)
 Metaspace       used 102411K, committed 103168K, reserved 1138688K
  class space    used 14038K, committed 14400K, reserved 1048576K
}
Event: 24.805 GC heap before
{Heap before GC invocations=37 (full 0):
 garbage-first heap   total 217088K, used 174080K [0x0000000080000000, 0x0000000100000000)
  region size 1024K, 28 young (28672K), 6 survivors (6144K)
 Metaspace       used 102490K, committed 103232K, reserved 1138688K
  class space    used 14039K, committed 14400K, reserved 1048576K
}
Event: 24.848 GC heap after
{Heap after GC invocations=38 (full 0):
 garbage-first heap   total 217088K, used 163328K [0x0000000080000000, 0x0000000100000000)
  region size 1024K, 4 young (4096K), 4 survivors (4096K)
 Metaspace       used 102490K, committed 103232K, reserved 1138688K
  class space    used 14039K, committed 14400K, reserved 1048576K
}
Event: 24.937 GC heap before
{Heap before GC invocations=38 (full 0):
 garbage-first heap   total 217088K, used 177664K [0x0000000080000000, 0x0000000100000000)
  region size 1024K, 18 young (18432K), 4 survivors (4096K)
 Metaspace       used 102495K, committed 103232K, reserved 1138688K
  class space    used 14039K, committed 14400K, reserved 1048576K
}

