# JRE version: OpenJDK Runtime Environment (17.0.6) (build 17.0.6+0-b2043.56-10027231)
# Java VM: OpenJDK 64-Bit Server VM (17.0.6+0-b2043.56-10027231, mixed mode, tiered, compressed oops, compressed class ptrs, g1 gc, windows-amd64)
GC Precious Log:
 CPUs: 4 total, 4 available
 Memory: 8071M
 Large Page Support: Disabled
 NUMA Support: Disabled
 Compressed Oops: Enabled (32-bit)
 Heap Region Size: 1M
 Heap Min Capacity: 8M
 Heap Initial Capacity: 128M
 Heap Max Capacity: 2G
 Pre-touch: Disabled
 Parallel Workers: 4
 Concurrent Workers: 1
 Concurrent Refinement Workers: 4
 Periodic GC: Disabled
Heap:
 garbage-first heap   total 460800K, used 195980K [0x0000000080000000, 0x0000000100000000)
  region size 1024K, 3 young (3072K), 3 survivors (3072K)
 Metaspace       used 141637K, committed 143232K, reserved 1179648K
  class space    used 18646K, committed 19328K, reserved 1048576K
GC Heap History (20 events):
Event: 2158.580 GC heap after
{Heap after GC invocations=59 (full 0):
 garbage-first heap   total 378880K, used 243383K [0x0000000080000000, 0x0000000100000000)
  region size 1024K, 7 young (7168K), 7 survivors (7168K)
 Metaspace       used 136259K, committed 137600K, reserved 1171456K
  class space    used 17857K, committed 18432K, reserved 1048576K
}
Event: 2162.026 GC heap before
{Heap before GC invocations=59 (full 0):
 garbage-first heap   total 378880K, used 335543K [0x0000000080000000, 0x0000000100000000)
  region size 1024K, 79 young (80896K), 7 survivors (7168K)
 Metaspace       used 136288K, committed 137600K, reserved 1171456K
  class space    used 17857K, committed 18432K, reserved 1048576K
}
Event: 2162.039 GC heap after
{Heap after GC invocations=60 (full 0):
 garbage-first heap   total 378880K, used 248033K [0x0000000080000000, 0x0000000100000000)
  region size 1024K, 10 young (10240K), 10 survivors (10240K)
 Metaspace       used 136288K, committed 137600K, reserved 1171456K
  class space    used 17857K, committed 18432K, reserved 1048576K
}
Event: 2396.620 GC heap before
{Heap before GC invocations=60 (full 0):
 garbage-first heap   total 378880K, used 320737K [0x0000000080000000, 0x0000000100000000)
  region size 1024K, 61 young (62464K), 10 survivors (10240K)
 Metaspace       used 136595K, committed 137920K, reserved 1171456K
  class space    used 17916K, committed 18496K, reserved 1048576K
}
Event: 2396.630 GC heap after
{Heap after GC invocations=61 (full 0):
 garbage-first heap   total 378880K, used 252785K [0x0000000080000000, 0x0000000100000000)
  region size 1024K, 6 young (6144K), 6 survivors (6144K)
 Metaspace       used 136595K, committed 137920K, reserved 1171456K
  class space    used 17916K, committed 18496K, reserved 1048576K
}
Event: 2399.828 GC heap before
{Heap before GC invocations=61 (full 0):
 garbage-first heap   total 378880K, used 337777K [0x0000000080000000, 0x0000000100000000)
  region size 1024K, 70 young (71680K), 6 survivors (6144K)
 Metaspace       used 138753K, committed 140160K, reserved 1171456K
  class space    used 18262K, committed 18880K, reserved 1048576K
}
Event: 2399.854 GC heap after
{Heap after GC invocations=62 (full 0):
 garbage-first heap   total 378880K, used 282403K [0x0000000080000000, 0x0000000100000000)
  region size 1024K, 9 young (9216K), 9 survivors (9216K)
 Metaspace       used 138753K, committed 140160K, reserved 1171456K
  class space    used 18262K, committed 18880K, reserved 1048576K
}
Event: 2401.892 GC heap before
{Heap before GC invocations=62 (full 0):
 garbage-first heap   total 378880K, used 345891K [0x0000000080000000, 0x0000000100000000)
  region size 1024K, 50 young (51200K), 9 survivors (9216K)
 Metaspace       used 141348K, committed 142784K, reserved 1179648K
  class space    used 18629K, committed 19264K, reserved 1048576K
}
Event: 2401.918 GC heap after
{Heap after GC invocations=63 (full 0):
 garbage-first heap   total 378880K, used 312680K [0x0000000080000000, 0x0000000100000000)
  region size 1024K, 7 young (7168K), 7 survivors (7168K)
 Metaspace       used 141348K, committed 142784K, reserved 1179648K
  class space    used 18629K, committed 19264K, reserved 1048576K
}
Event: 2402.326 GC heap before
{Heap before GC invocations=63 (full 0):
 garbage-first heap   total 378880K, used 334184K [0x0000000080000000, 0x0000000100000000)
  region size 1024K, 25 young (25600K), 7 survivors (7168K)
 Metaspace       used 141800K, committed 143232K, reserved 1179648K
  class space    used 18685K, committed 19328K, reserved 1048576K
}
Event: 2402.342 GC heap after
{Heap after GC invocations=64 (full 0):
 garbage-first heap   total 378880K, used 321907K [0x0000000080000000, 0x0000000100000000)
  region size 1024K, 4 young (4096K), 4 survivors (4096K)
 Metaspace       used 141800K, committed 143232K, reserved 1179648K
  class space    used 18685K, committed 19328K, reserved 1048576K
}
Event: 2402.549 GC heap before
{Heap before GC invocations=64 (full 0):
 garbage-first heap   total 378880K, used 336243K [0x0000000080000000, 0x0000000100000000)
  region size 1024K, 18 young (18432K), 4 survivors (4096K)
 Metaspace       used 141800K, committed 143232K, reserved 1179648K
  class space    used 18685K, committed 19328K, reserved 1048576K
}
Event: 2402.564 GC heap after
{Heap after GC invocations=65 (full 0):
 garbage-first heap   total 378880K, used 327046K [0x0000000080000000, 0x0000000100000000)
  region size 1024K, 3 young (3072K), 3 survivors (3072K)
 Metaspace       used 141800K, committed 143232K, reserved 1179648K
  class space    used 18685K, committed 19328K, reserved 1048576K
}
Event: 2402.712 GC heap before
{Heap before GC invocations=65 (full 0):
 garbage-first heap   total 378880K, used 342406K [0x0000000080000000, 0x0000000100000000)
  region size 1024K, 18 young (18432K), 3 survivors (3072K)
 Metaspace       used 141800K, committed 143232K, reserved 1179648K
  class space    used 18685K, committed 19328K, reserved 1048576K
}
Event: 2402.733 GC heap after
{Heap after GC invocations=66 (full 0):
 garbage-first heap   total 378880K, used 334358K [0x0000000080000000, 0x0000000100000000)
  region size 1024K, 3 young (3072K), 3 survivors (3072K)
 Metaspace       used 141800K, committed 143232K, reserved 1179648K
  class space    used 18685K, committed 19328K, reserved 1048576K
}
Event: 2403.403 GC heap before
{Heap before GC invocations=67 (full 0):
 garbage-first heap   total 460800K, used 291647K [0x0000000080000000, 0x0000000100000000)
  region size 1024K, 22 young (22528K), 3 survivors (3072K)
 Metaspace       used 141637K, committed 143232K, reserved 1179648K
  class space    used 18646K, committed 19328K, reserved 1048576K
}
Event: 2403.444 GC heap after
{Heap after GC invocations=68 (full 0):
 garbage-first heap   total 460800K, used 277423K [0x0000000080000000, 0x0000000100000000)
  region size 1024K, 3 young (3072K), 3 survivors (3072K)
 Metaspace       used 141637K, committed 143232K, reserved 1179648K
  class space    used 18646K, committed 19328K, reserved 1048576K
}
Event: 2403.854 GC heap before
{Heap before GC invocations=68 (full 0):
 garbage-first heap   total 460800K, used 296879K [0x0000000080000000, 0x0000000100000000)
  region size 1024K, 22 young (22528K), 3 survivors (3072K)
 Metaspace       used 141637K, committed 143232K, reserved 1179648K
  class space    used 18646K, committed 19328K, reserved 1048576K
}
Event: 2403.869 GC heap after
{Heap after GC invocations=69 (full 0):
 garbage-first heap   total 460800K, used 233173K [0x0000000080000000, 0x0000000100000000)
  region size 1024K, 3 young (3072K), 3 survivors (3072K)
 Metaspace       used 141637K, committed 143232K, reserved 1179648K
  class space    used 18646K, committed 19328K, reserved 1048576K
}
Event: 2404.119 GC heap before
{Heap before GC invocations=69 (full 0):
 garbage-first heap   total 460800K, used 252629K [0x0000000080000000, 0x0000000100000000)
  region size 1024K, 22 young (22528K), 3 survivors (3072K)
 Metaspace       used 141637K, committed 143232K, reserved 1179648K
  class space    used 18646K, committed 19328K, reserved 1048576K
}

