# JRE version: OpenJDK Runtime Environment (17.0.6) (build 17.0.6+0-b2043.56-10027231)
# Java VM: OpenJDK 64-Bit Server VM (17.0.6+0-b2043.56-10027231, mixed mode, tiered, compressed oops, compressed class ptrs, g1 gc, windows-amd64)
GC Precious Log:
 CPUs: 4 total, 4 available
 Memory: 8071M
 Large Page Support: Disabled
 NUMA Support: Disabled
 Compressed Oops: Enabled (32-bit)
 Heap Region Size: 1M
 Heap Min Capacity: 8M
 Heap Initial Capacity: 128M
 Heap Max Capacity: 2G
 Pre-touch: Disabled
 Parallel Workers: 4
 Concurrent Workers: 1
 Concurrent Refinement Workers: 4
 Periodic GC: Disabled
Heap:
 garbage-first heap   total 269312K, used 198656K [0x0000000080000000, 0x0000000100000000)
  region size 1024K, 5 young (5120K), 5 survivors (5120K)
 Metaspace       used 117884K, committed 118656K, reserved 1155072K
  class space    used 16197K, committed 16576K, reserved 1048576K
GC Heap History (20 events):
Event: 16.226 GC heap after
{Heap after GC invocations=26 (full 0):
 garbage-first heap   total 135168K, used 61935K [0x0000000080000000, 0x0000000100000000)
  region size 1024K, 4 young (4096K), 4 survivors (4096K)
 Metaspace       used 83325K, committed 83904K, reserved 1122304K
  class space    used 11354K, committed 11648K, reserved 1048576K
}
Event: 17.149 GC heap before
{Heap before GC invocations=26 (full 0):
 garbage-first heap   total 135168K, used 105967K [0x0000000080000000, 0x0000000100000000)
  region size 1024K, 47 young (48128K), 4 survivors (4096K)
 Metaspace       used 87834K, committed 88448K, reserved 1130496K
  class space    used 11992K, committed 12288K, reserved 1048576K
}
Event: 17.163 GC heap after
{Heap after GC invocations=27 (full 0):
 garbage-first heap   total 135168K, used 66032K [0x0000000080000000, 0x0000000100000000)
  region size 1024K, 5 young (5120K), 5 survivors (5120K)
 Metaspace       used 87834K, committed 88448K, reserved 1130496K
  class space    used 11992K, committed 12288K, reserved 1048576K
}
Event: 17.694 GC heap before
{Heap before GC invocations=27 (full 0):
 garbage-first heap   total 135168K, used 106992K [0x0000000080000000, 0x0000000100000000)
  region size 1024K, 45 young (46080K), 5 survivors (5120K)
 Metaspace       used 88435K, committed 89088K, reserved 1130496K
  class space    used 12090K, committed 12416K, reserved 1048576K
}
Event: 17.711 GC heap after
{Heap after GC invocations=28 (full 0):
 garbage-first heap   total 135168K, used 72621K [0x0000000080000000, 0x0000000100000000)
  region size 1024K, 6 young (6144K), 6 survivors (6144K)
 Metaspace       used 88435K, committed 89088K, reserved 1130496K
  class space    used 12090K, committed 12416K, reserved 1048576K
}
Event: 18.583 GC heap before
{Heap before GC invocations=29 (full 0):
 garbage-first heap   total 135168K, used 107437K [0x0000000080000000, 0x0000000100000000)
  region size 1024K, 41 young (41984K), 6 survivors (6144K)
 Metaspace       used 89841K, committed 90560K, reserved 1130496K
  class space    used 12342K, committed 12672K, reserved 1048576K
}
Event: 18.600 GC heap after
{Heap after GC invocations=30 (full 0):
 garbage-first heap   total 135168K, used 78017K [0x0000000080000000, 0x0000000100000000)
  region size 1024K, 5 young (5120K), 5 survivors (5120K)
 Metaspace       used 89841K, committed 90560K, reserved 1130496K
  class space    used 12342K, committed 12672K, reserved 1048576K
}
Event: 18.623 GC heap before
{Heap before GC invocations=30 (full 0):
 garbage-first heap   total 135168K, used 79041K [0x0000000080000000, 0x0000000100000000)
  region size 1024K, 6 young (6144K), 5 survivors (5120K)
 Metaspace       used 89848K, committed 90560K, reserved 1130496K
  class space    used 12343K, committed 12672K, reserved 1048576K
}
Event: 18.637 GC heap after
{Heap after GC invocations=31 (full 0):
 garbage-first heap   total 263168K, used 78055K [0x0000000080000000, 0x0000000100000000)
  region size 1024K, 1 young (1024K), 1 survivors (1024K)
 Metaspace       used 89848K, committed 90560K, reserved 1130496K
  class space    used 12343K, committed 12672K, reserved 1048576K
}
Event: 21.491 GC heap before
{Heap before GC invocations=31 (full 0):
 garbage-first heap   total 263168K, used 205031K [0x0000000080000000, 0x0000000100000000)
  region size 1024K, 125 young (128000K), 1 survivors (1024K)
 Metaspace       used 96272K, committed 96960K, reserved 1138688K
  class space    used 13112K, committed 13440K, reserved 1048576K
}
Event: 21.512 GC heap after
{Heap after GC invocations=32 (full 0):
 garbage-first heap   total 263168K, used 88617K [0x0000000080000000, 0x0000000100000000)
  region size 1024K, 12 young (12288K), 12 survivors (12288K)
 Metaspace       used 96272K, committed 96960K, reserved 1138688K
  class space    used 13112K, committed 13440K, reserved 1048576K
}
Event: 23.492 GC heap before
{Heap before GC invocations=32 (full 0):
 garbage-first heap   total 263168K, used 200233K [0x0000000080000000, 0x0000000100000000)
  region size 1024K, 116 young (118784K), 12 survivors (12288K)
 Metaspace       used 101741K, committed 102464K, reserved 1138688K
  class space    used 13773K, committed 14144K, reserved 1048576K
}
Event: 23.512 GC heap after
{Heap after GC invocations=33 (full 0):
 garbage-first heap   total 263168K, used 99609K [0x0000000080000000, 0x0000000100000000)
  region size 1024K, 8 young (8192K), 8 survivors (8192K)
 Metaspace       used 101741K, committed 102464K, reserved 1138688K
  class space    used 13773K, committed 14144K, reserved 1048576K
}
Event: 24.763 GC heap before
{Heap before GC invocations=33 (full 0):
 garbage-first heap   total 263168K, used 236825K [0x0000000080000000, 0x0000000100000000)
  region size 1024K, 106 young (108544K), 8 survivors (8192K)
 Metaspace       used 113130K, committed 113856K, reserved 1155072K
  class space    used 15480K, committed 15872K, reserved 1048576K
}
Event: 24.801 GC heap after
{Heap after GC invocations=34 (full 0):
 garbage-first heap   total 269312K, used 138629K [0x0000000080000000, 0x0000000100000000)
  region size 1024K, 14 young (14336K), 14 survivors (14336K)
 Metaspace       used 113130K, committed 113856K, reserved 1155072K
  class space    used 15480K, committed 15872K, reserved 1048576K
}
Event: 25.957 GC heap before
{Heap before GC invocations=34 (full 0):
 garbage-first heap   total 269312K, used 210309K [0x0000000080000000, 0x0000000100000000)
  region size 1024K, 84 young (86016K), 14 survivors (14336K)
 Metaspace       used 117425K, committed 118208K, reserved 1155072K
  class space    used 16184K, committed 16576K, reserved 1048576K
}
Event: 26.025 GC heap after
{Heap after GC invocations=35 (full 0):
 garbage-first heap   total 269312K, used 162234K [0x0000000080000000, 0x0000000100000000)
  region size 1024K, 11 young (11264K), 11 survivors (11264K)
 Metaspace       used 117425K, committed 118208K, reserved 1155072K
  class space    used 16184K, committed 16576K, reserved 1048576K
}
Event: 26.447 GC heap before
{Heap before GC invocations=35 (full 0):
 garbage-first heap   total 269312K, used 210362K [0x0000000080000000, 0x0000000100000000)
  region size 1024K, 58 young (59392K), 11 survivors (11264K)
 Metaspace       used 117727K, committed 118528K, reserved 1155072K
  class space    used 16188K, committed 16576K, reserved 1048576K
}
Event: 26.508 GC heap after
{Heap after GC invocations=36 (full 0):
 garbage-first heap   total 269312K, used 184832K [0x0000000080000000, 0x0000000100000000)
  region size 1024K, 8 young (8192K), 8 survivors (8192K)
 Metaspace       used 117727K, committed 118528K, reserved 1155072K
  class space    used 16188K, committed 16576K, reserved 1048576K
}
Event: 26.715 GC heap before
{Heap before GC invocations=36 (full 0):
 garbage-first heap   total 269312K, used 213504K [0x0000000080000000, 0x0000000100000000)
  region size 1024K, 37 young (37888K), 8 survivors (8192K)
 Metaspace       used 117884K, committed 118656K, reserved 1155072K
  class space    used 16197K, committed 16576K, reserved 1048576K
}

