# JRE version: OpenJDK Runtime Environment (17.0.6) (build 17.0.6+0-b2043.56-10027231)
# Java VM: OpenJDK 64-Bit Server VM (17.0.6+0-b2043.56-10027231, mixed mode, tiered, compressed oops, compressed class ptrs, g1 gc, windows-amd64)
GC Precious Log:
 CPUs: 4 total, 4 available
 Memory: 8071M
 Large Page Support: Disabled
 NUMA Support: Disabled
 Compressed Oops: Enabled (32-bit)
 Heap Region Size: 1M
 Heap Min Capacity: 8M
 Heap Initial Capacity: 128M
 Heap Max Capacity: 2G
 Pre-touch: Disabled
 Parallel Workers: 4
 Concurrent Workers: 1
 Concurrent Refinement Workers: 4
 Periodic GC: Disabled
Heap:
 garbage-first heap   total 379904K, used 340658K [0x0000000080000000, 0x0000000100000000)
  region size 1024K, 3 young (3072K), 3 survivors (3072K)
 Metaspace       used 129205K, committed 130304K, reserved 1163264K
  class space    used 17131K, committed 17664K, reserved 1048576K
GC Heap History (20 events):
Event: 81.063 GC heap after
{Heap after GC invocations=59 (full 0):
 garbage-first heap   total 379904K, used 251571K [0x0000000080000000, 0x0000000100000000)
  region size 1024K, 1 young (1024K), 1 survivors (1024K)
 Metaspace       used 117020K, committed 118016K, reserved 1155072K
  class space    used 15367K, committed 15872K, reserved 1048576K
}
Event: 82.678 GC heap before
{Heap before GC invocations=59 (full 0):
 garbage-first heap   total 379904K, used 314035K [0x0000000080000000, 0x0000000100000000)
  region size 1024K, 63 young (64512K), 1 survivors (1024K)
 Metaspace       used 118622K, committed 119616K, reserved 1155072K
  class space    used 15559K, committed 16064K, reserved 1048576K
}
Event: 82.685 GC heap after
{Heap after GC invocations=60 (full 0):
 garbage-first heap   total 379904K, used 252828K [0x0000000080000000, 0x0000000100000000)
  region size 1024K, 2 young (2048K), 2 survivors (2048K)
 Metaspace       used 118622K, committed 119616K, reserved 1155072K
  class space    used 15559K, committed 16064K, reserved 1048576K
}
Event: 86.814 GC heap before
{Heap before GC invocations=60 (full 0):
 garbage-first heap   total 379904K, used 319388K [0x0000000080000000, 0x0000000100000000)
  region size 1024K, 66 young (67584K), 2 survivors (2048K)
 Metaspace       used 120982K, committed 122048K, reserved 1155072K
  class space    used 15856K, committed 16384K, reserved 1048576K
}
Event: 86.825 GC heap after
{Heap after GC invocations=61 (full 0):
 garbage-first heap   total 379904K, used 256870K [0x0000000080000000, 0x0000000100000000)
  region size 1024K, 6 young (6144K), 6 survivors (6144K)
 Metaspace       used 120982K, committed 122048K, reserved 1155072K
  class space    used 15856K, committed 16384K, reserved 1048576K
}
Event: 88.317 GC heap before
{Heap before GC invocations=61 (full 0):
 garbage-first heap   total 379904K, used 319334K [0x0000000080000000, 0x0000000100000000)
  region size 1024K, 68 young (69632K), 6 survivors (6144K)
 Metaspace       used 121514K, committed 122624K, reserved 1155072K
  class space    used 15925K, committed 16448K, reserved 1048576K
}
Event: 88.347 GC heap after
{Heap after GC invocations=62 (full 0):
 garbage-first heap   total 379904K, used 265234K [0x0000000080000000, 0x0000000100000000)
  region size 1024K, 9 young (9216K), 9 survivors (9216K)
 Metaspace       used 121514K, committed 122624K, reserved 1155072K
  class space    used 15925K, committed 16448K, reserved 1048576K
}
Event: 90.672 GC heap before
{Heap before GC invocations=62 (full 0):
 garbage-first heap   total 379904K, used 321554K [0x0000000080000000, 0x0000000100000000)
  region size 1024K, 63 young (64512K), 9 survivors (9216K)
 Metaspace       used 121996K, committed 123008K, reserved 1163264K
  class space    used 15992K, committed 16512K, reserved 1048576K
}
Event: 90.690 GC heap after
{Heap after GC invocations=63 (full 0):
 garbage-first heap   total 379904K, used 266554K [0x0000000080000000, 0x0000000100000000)
  region size 1024K, 4 young (4096K), 4 survivors (4096K)
 Metaspace       used 121996K, committed 123008K, reserved 1163264K
  class space    used 15992K, committed 16512K, reserved 1048576K
}
Event: 93.415 GC heap before
{Heap before GC invocations=63 (full 0):
 garbage-first heap   total 379904K, used 351546K [0x0000000080000000, 0x0000000100000000)
  region size 1024K, 59 young (60416K), 4 survivors (4096K)
 Metaspace       used 126237K, committed 127360K, reserved 1163264K
  class space    used 16572K, committed 17152K, reserved 1048576K
}
Event: 93.429 GC heap after
{Heap after GC invocations=64 (full 0):
 garbage-first heap   total 379904K, used 295465K [0x0000000080000000, 0x0000000100000000)
  region size 1024K, 8 young (8192K), 8 survivors (8192K)
 Metaspace       used 126237K, committed 127360K, reserved 1163264K
  class space    used 16572K, committed 17152K, reserved 1048576K
}
Event: 93.996 GC heap before
{Heap before GC invocations=64 (full 0):
 garbage-first heap   total 379904K, used 334377K [0x0000000080000000, 0x0000000100000000)
  region size 1024K, 38 young (38912K), 8 survivors (8192K)
 Metaspace       used 126569K, committed 127680K, reserved 1163264K
  class space    used 16619K, committed 17152K, reserved 1048576K
}
Event: 94.021 GC heap after
{Heap after GC invocations=65 (full 0):
 garbage-first heap   total 379904K, used 310272K [0x0000000080000000, 0x0000000100000000)
  region size 1024K, 5 young (5120K), 5 survivors (5120K)
 Metaspace       used 126569K, committed 127680K, reserved 1163264K
  class space    used 16619K, committed 17152K, reserved 1048576K
}
Event: 94.181 GC heap before
{Heap before GC invocations=65 (full 0):
 garbage-first heap   total 379904K, used 329728K [0x0000000080000000, 0x0000000100000000)
  region size 1024K, 23 young (23552K), 5 survivors (5120K)
 Metaspace       used 126569K, committed 127680K, reserved 1163264K
  class space    used 16619K, committed 17152K, reserved 1048576K
}
Event: 94.204 GC heap after
{Heap after GC invocations=66 (full 0):
 garbage-first heap   total 379904K, used 319358K [0x0000000080000000, 0x0000000100000000)
  region size 1024K, 3 young (3072K), 3 survivors (3072K)
 Metaspace       used 126569K, committed 127680K, reserved 1163264K
  class space    used 16619K, committed 17152K, reserved 1048576K
}
Event: 94.862 GC heap before
{Heap before GC invocations=66 (full 0):
 garbage-first heap   total 379904K, used 334718K [0x0000000080000000, 0x0000000100000000)
  region size 1024K, 18 young (18432K), 3 survivors (3072K)
 Metaspace       used 129096K, committed 130176K, reserved 1163264K
  class space    used 17129K, committed 17664K, reserved 1048576K
}
Event: 94.904 GC heap after
{Heap after GC invocations=67 (full 0):
 garbage-first heap   total 379904K, used 324608K [0x0000000080000000, 0x0000000100000000)
  region size 1024K, 3 young (3072K), 3 survivors (3072K)
 Metaspace       used 129096K, committed 130176K, reserved 1163264K
  class space    used 17129K, committed 17664K, reserved 1048576K
}
Event: 95.056 GC heap before
{Heap before GC invocations=67 (full 0):
 garbage-first heap   total 379904K, used 339968K [0x0000000080000000, 0x0000000100000000)
  region size 1024K, 18 young (18432K), 3 survivors (3072K)
 Metaspace       used 129171K, committed 130240K, reserved 1163264K
  class space    used 17129K, committed 17664K, reserved 1048576K
}
Event: 95.079 GC heap after
{Heap after GC invocations=68 (full 0):
 garbage-first heap   total 379904K, used 332563K [0x0000000080000000, 0x0000000100000000)
  region size 1024K, 3 young (3072K), 3 survivors (3072K)
 Metaspace       used 129171K, committed 130240K, reserved 1163264K
  class space    used 17129K, committed 17664K, reserved 1048576K
}
Event: 95.206 GC heap before
{Heap before GC invocations=68 (full 0):
 garbage-first heap   total 379904K, used 347923K [0x0000000080000000, 0x0000000100000000)
  region size 1024K, 18 young (18432K), 3 survivors (3072K)
 Metaspace       used 129205K, committed 130304K, reserved 1163264K
  class space    used 17131K, committed 17664K, reserved 1048576K
}

